[ INFO ] [2018-08-01 14:48:50] com.guye.sun.managent.App [48] - Starting App on suneee-PC100 with PID 8876 (F:\springboot_manage\managent\target\classes started by suneee in F:\springboot_manage)
[ DEBUG] [2018-08-01 14:48:50] com.guye.sun.managent.App [51] - Running with Spring Boot v1.5.8.RELEASE, Spring v4.3.12.RELEASE
[ INFO ] [2018-08-01 14:48:50] com.guye.sun.managent.App [593] - No active profile set, falling back to default profiles: default
[ INFO ] [2018-08-01 14:48:51] org.springframework.boot.context.embedded.AnnotationConfigEmbeddedWebApplicationContext [583] - Refreshing org.springframework.boot.context.embedded.AnnotationConfigEmbeddedWebApplicationContext@770d3326: startup date [Wed Aug 01 14:48:51 CST 2018]; root of context hierarchy
[ DEBUG] [2018-08-01 14:48:51] org.jboss.logging [160] - Logging Provider: org.jboss.logging.Slf4jLoggerProvider found via system property
[ INFO ] [2018-08-01 14:48:51] org.hibernate.validator.internal.util.Version [30] - HV000001: Hibernate Validator 5.3.5.Final
[ DEBUG] [2018-08-01 14:48:51] org.hibernate.validator.internal.engine.resolver.DefaultTraversableResolver [80] - Found javax.persistence.Persistence on classpath, but no method 'getPersistenceUtil'. Assuming JPA 1 environment. All properties will per default be traversable.
[ INFO ] [2018-08-01 14:48:52] org.springframework.beans.factory.support.DefaultListableBeanFactory [828] - Overriding bean definition for bean 'dataSource' with a different definition: replacing [Root bean: class [null]; scope=; abstract=false; lazyInit=false; autowireMode=3; dependencyCheck=0; autowireCandidate=true; primary=false; factoryBeanName=org.springframework.boot.autoconfigure.jdbc.DataSourceConfiguration$Hikari; factoryMethodName=dataSource; initMethodName=null; destroyMethodName=(inferred); defined in class path resource [org/springframework/boot/autoconfigure/jdbc/DataSourceConfiguration$Hikari.class]] with [Root bean: class [null]; scope=; abstract=false; lazyInit=false; autowireMode=3; dependencyCheck=0; autowireCandidate=true; primary=false; factoryBeanName=org.springframework.boot.autoconfigure.jdbc.DataSourceConfiguration$Tomcat; factoryMethodName=dataSource; initMethodName=null; destroyMethodName=(inferred); defined in class path resource [org/springframework/boot/autoconfigure/jdbc/DataSourceConfiguration$Tomcat.class]]
[ DEBUG] [2018-08-01 14:48:52] tk.mybatis.mapper.autoconfigure.MapperAutoConfiguration [188] - Searching for mappers annotated with @Mapper
[ DEBUG] [2018-08-01 14:48:52] tk.mybatis.mapper.autoconfigure.MapperAutoConfiguration [200] - Using auto-configuration base package 'com.guye.sun.managent'
[ DEBUG] [2018-08-01 14:48:52] tk.mybatis.spring.mapper.ClassPathMapperScanner [294] - Identified candidate component class: file [F:\springboot_manage\managent\target\classes\com\guye\sun\managent\dao\AuthMapper.class]
[ DEBUG] [2018-08-01 14:48:52] tk.mybatis.spring.mapper.ClassPathMapperScanner [294] - Identified candidate component class: file [F:\springboot_manage\managent\target\classes\com\guye\sun\managent\dao\LogMapper.class]
[ DEBUG] [2018-08-01 14:48:52] tk.mybatis.spring.mapper.ClassPathMapperScanner [294] - Identified candidate component class: file [F:\springboot_manage\managent\target\classes\com\guye\sun\managent\dao\ManagerMapper.class]
[ DEBUG] [2018-08-01 14:48:52] tk.mybatis.spring.mapper.ClassPathMapperScanner [294] - Identified candidate component class: file [F:\springboot_manage\managent\target\classes\com\guye\sun\managent\dao\MenuMapper.class]
[ DEBUG] [2018-08-01 14:48:52] tk.mybatis.spring.mapper.ClassPathMapperScanner [294] - Identified candidate component class: file [F:\springboot_manage\managent\target\classes\com\guye\sun\managent\dao\OperateMapper.class]
[ DEBUG] [2018-08-01 14:48:52] tk.mybatis.spring.mapper.ClassPathMapperScanner [294] - Identified candidate component class: file [F:\springboot_manage\managent\target\classes\com\guye\sun\managent\dao\RoleMapper.class]
[ DEBUG] [2018-08-01 14:48:52] tk.mybatis.spring.mapper.ClassPathMapperScanner [294] - Identified candidate component class: file [F:\springboot_manage\managent\target\classes\com\guye\sun\managent\dao\RoleOperateMapper.class]
[ DEBUG] [2018-08-01 14:48:52] tk.mybatis.spring.mapper.ClassPathMapperScanner [180] - Creating MapperFactoryBean with name 'authMapper' and 'com.guye.sun.managent.dao.AuthMapper' mapperInterface
[ DEBUG] [2018-08-01 14:48:52] tk.mybatis.spring.mapper.ClassPathMapperScanner [216] - Enabling autowire by type for MapperFactoryBean with name 'authMapper'.
[ DEBUG] [2018-08-01 14:48:52] tk.mybatis.spring.mapper.ClassPathMapperScanner [180] - Creating MapperFactoryBean with name 'logMapper' and 'com.guye.sun.managent.dao.LogMapper' mapperInterface
[ DEBUG] [2018-08-01 14:48:52] tk.mybatis.spring.mapper.ClassPathMapperScanner [216] - Enabling autowire by type for MapperFactoryBean with name 'logMapper'.
[ DEBUG] [2018-08-01 14:48:52] tk.mybatis.spring.mapper.ClassPathMapperScanner [180] - Creating MapperFactoryBean with name 'managerMapper' and 'com.guye.sun.managent.dao.ManagerMapper' mapperInterface
[ DEBUG] [2018-08-01 14:48:52] tk.mybatis.spring.mapper.ClassPathMapperScanner [216] - Enabling autowire by type for MapperFactoryBean with name 'managerMapper'.
[ DEBUG] [2018-08-01 14:48:52] tk.mybatis.spring.mapper.ClassPathMapperScanner [180] - Creating MapperFactoryBean with name 'menuMapper' and 'com.guye.sun.managent.dao.MenuMapper' mapperInterface
[ DEBUG] [2018-08-01 14:48:52] tk.mybatis.spring.mapper.ClassPathMapperScanner [216] - Enabling autowire by type for MapperFactoryBean with name 'menuMapper'.
[ DEBUG] [2018-08-01 14:48:52] tk.mybatis.spring.mapper.ClassPathMapperScanner [180] - Creating MapperFactoryBean with name 'operateMapper' and 'com.guye.sun.managent.dao.OperateMapper' mapperInterface
[ DEBUG] [2018-08-01 14:48:52] tk.mybatis.spring.mapper.ClassPathMapperScanner [216] - Enabling autowire by type for MapperFactoryBean with name 'operateMapper'.
[ DEBUG] [2018-08-01 14:48:52] tk.mybatis.spring.mapper.ClassPathMapperScanner [180] - Creating MapperFactoryBean with name 'roleMapper' and 'com.guye.sun.managent.dao.RoleMapper' mapperInterface
[ DEBUG] [2018-08-01 14:48:52] tk.mybatis.spring.mapper.ClassPathMapperScanner [216] - Enabling autowire by type for MapperFactoryBean with name 'roleMapper'.
[ DEBUG] [2018-08-01 14:48:52] tk.mybatis.spring.mapper.ClassPathMapperScanner [180] - Creating MapperFactoryBean with name 'roleOperateMapper' and 'com.guye.sun.managent.dao.RoleOperateMapper' mapperInterface
[ DEBUG] [2018-08-01 14:48:52] tk.mybatis.spring.mapper.ClassPathMapperScanner [216] - Enabling autowire by type for MapperFactoryBean with name 'roleOperateMapper'.
[ INFO ] [2018-08-01 14:48:53] org.springframework.context.support.PostProcessorRegistrationDelegate$BeanPostProcessorChecker [327] - Bean 'shiroConfiguration' of type [com.guye.sun.managent.config.shiro.ShiroConfiguration$$EnhancerBySpringCGLIB$$724a504b] is not eligible for getting processed by all BeanPostProcessors (for example: not eligible for auto-proxying)
[ DEBUG] [2018-08-01 14:48:53] org.apache.shiro.spring.LifecycleBeanPostProcessor [86] - Initializing bean [getEhCacheManager]...
[ DEBUG] [2018-08-01 14:48:53] org.apache.shiro.cache.ehcache.EhCacheManager [205] - cacheManager property not set.  Constructing CacheManager instance... 
[ DEBUG] [2018-08-01 14:48:53] org.apache.shiro.io.ResourceUtils [159] - Opening resource from class path [ehcache-shiro.xml]
[ DEBUG] [2018-08-01 14:48:53] net.sf.ehcache.config.ConfigurationFactory [150] - Configuring ehcache from InputStream
[ DEBUG] [2018-08-01 14:48:53] net.sf.ehcache.util.PropertyUtil [88] - propertiesString is null.
[ DEBUG] [2018-08-01 14:48:53] net.sf.ehcache.config.ConfigurationHelper [185] - No CacheManagerEventListenerFactory class specified. Skipping...
[ DEBUG] [2018-08-01 14:48:53] net.sf.ehcache.Cache [955] - No BootstrapCacheLoaderFactory class specified. Skipping...
[ DEBUG] [2018-08-01 14:48:53] net.sf.ehcache.Cache [929] - CacheWriter factory not configured. Skipping...
[ DEBUG] [2018-08-01 14:48:53] net.sf.ehcache.config.ConfigurationHelper [96] - No CacheExceptionHandlerFactory class specified. Skipping...
[ DEBUG] [2018-08-01 14:48:53] org.apache.shiro.cache.ehcache.EhCacheManager [218] - implicit cacheManager created successfully.
[ INFO ] [2018-08-01 14:48:53] org.springframework.context.support.PostProcessorRegistrationDelegate$BeanPostProcessorChecker [327] - Bean 'getEhCacheManager' of type [org.apache.shiro.cache.ehcache.EhCacheManager] is not eligible for getting processed by all BeanPostProcessors (for example: not eligible for auto-proxying)
[ DEBUG] [2018-08-01 14:48:53] org.apache.shiro.realm.AuthorizingRealm [234] - No authorizationCache instance set.  Checking for a cacheManager...
[ DEBUG] [2018-08-01 14:48:53] org.apache.shiro.realm.AuthorizingRealm [242] - CacheManager [org.apache.shiro.cache.ehcache.EhCacheManager@7aac8884] has been configured.  Building authorization cache named [com.guye.sun.managent.config.shiro.AuthRealm.authorizationCache]
[ INFO ] [2018-08-01 14:48:53] org.apache.shiro.cache.ehcache.EhCacheManager [158] - Cache with name 'com.guye.sun.managent.config.shiro.AuthRealm.authorizationCache' does not yet exist.  Creating now.
[ DEBUG] [2018-08-01 14:48:53] net.sf.ehcache.store.MemoryStore [153] - Initialized net.sf.ehcache.store.NotifyingMemoryStore for com.guye.sun.managent.config.shiro.AuthRealm.authorizationCache
[ DEBUG] [2018-08-01 14:48:53] net.sf.ehcache.Cache [1165] - Initialised cache: com.guye.sun.managent.config.shiro.AuthRealm.authorizationCache
[ DEBUG] [2018-08-01 14:48:53] net.sf.ehcache.config.ConfigurationHelper [354] - CacheDecoratorFactory not configured for defaultCache. Skipping for 'com.guye.sun.managent.config.shiro.AuthRealm.authorizationCache'.
[ INFO ] [2018-08-01 14:48:53] org.apache.shiro.cache.ehcache.EhCacheManager [165] - Added EhCache named [com.guye.sun.managent.config.shiro.AuthRealm.authorizationCache]
[ DEBUG] [2018-08-01 14:48:53] org.hibernate.validator.internal.engine.resolver.DefaultTraversableResolver [80] - Found javax.persistence.Persistence on classpath, but no method 'getPersistenceUtil'. Assuming JPA 1 environment. All properties will per default be traversable.
[ DEBUG] [2018-08-01 14:48:53] org.hibernate.validator.internal.engine.resolver.DefaultTraversableResolver [80] - Found javax.persistence.Persistence on classpath, but no method 'getPersistenceUtil'. Assuming JPA 1 environment. All properties will per default be traversable.
[ DEBUG] [2018-08-01 14:48:53] org.hibernate.validator.internal.engine.ConfigurationImpl [163] - Setting custom MessageInterpolator of type org.springframework.validation.beanvalidation.LocaleContextMessageInterpolator
[ DEBUG] [2018-08-01 14:48:53] org.hibernate.validator.internal.engine.ConfigurationImpl [185] - Setting custom ConstraintValidatorFactory of type org.springframework.validation.beanvalidation.SpringConstraintValidatorFactory
[ DEBUG] [2018-08-01 14:48:53] org.hibernate.validator.internal.engine.ConfigurationImpl [199] - Setting custom ParameterNameProvider of type com.sun.proxy.$Proxy66
[ DEBUG] [2018-08-01 14:48:53] org.hibernate.validator.internal.xml.ValidationXmlParser [99] - Trying to load META-INF/validation.xml for XML based Validator configuration.
[ DEBUG] [2018-08-01 14:48:53] org.hibernate.validator.internal.xml.ResourceLoaderHelper [47] - Trying to load META-INF/validation.xml via user class loader
[ DEBUG] [2018-08-01 14:48:53] org.hibernate.validator.internal.xml.ResourceLoaderHelper [54] - Trying to load META-INF/validation.xml via TCCL
[ DEBUG] [2018-08-01 14:48:53] org.hibernate.validator.internal.xml.ResourceLoaderHelper [60] - Trying to load META-INF/validation.xml via Hibernate Validator's class loader
[ DEBUG] [2018-08-01 14:48:53] org.hibernate.validator.internal.xml.ValidationXmlParser [106] - No META-INF/validation.xml found. Using annotation based configuration only.
[ DEBUG] [2018-08-01 14:48:53] org.apache.ibatis.logging.LogFactory [135] - Logging initialized using 'class org.apache.ibatis.logging.slf4j.Slf4jImpl' adapter.
[ INFO ] [2018-08-01 14:48:53] org.springframework.context.support.PostProcessorRegistrationDelegate$BeanPostProcessorChecker [327] - Bean 'mybatis-tk.mybatis.mapper.autoconfigure.MybatisProperties' of type [tk.mybatis.mapper.autoconfigure.MybatisProperties] is not eligible for getting processed by all BeanPostProcessors (for example: not eligible for auto-proxying)
[ INFO ] [2018-08-01 14:48:53] org.springframework.context.support.PostProcessorRegistrationDelegate$BeanPostProcessorChecker [327] - Bean 'tk.mybatis.mapper.autoconfigure.MapperAutoConfiguration' of type [tk.mybatis.mapper.autoconfigure.MapperAutoConfiguration$$EnhancerBySpringCGLIB$$ac9f2beb] is not eligible for getting processed by all BeanPostProcessors (for example: not eligible for auto-proxying)
[ INFO ] [2018-08-01 14:48:53] org.springframework.context.support.PostProcessorRegistrationDelegate$BeanPostProcessorChecker [327] - Bean 'org.springframework.boot.autoconfigure.jdbc.DataSourceConfiguration$Tomcat' of type [org.springframework.boot.autoconfigure.jdbc.DataSourceConfiguration$Tomcat] is not eligible for getting processed by all BeanPostProcessors (for example: not eligible for auto-proxying)
[ INFO ] [2018-08-01 14:48:53] org.springframework.context.support.PostProcessorRegistrationDelegate$BeanPostProcessorChecker [327] - Bean 'spring.datasource-org.springframework.boot.autoconfigure.jdbc.DataSourceProperties' of type [org.springframework.boot.autoconfigure.jdbc.DataSourceProperties] is not eligible for getting processed by all BeanPostProcessors (for example: not eligible for auto-proxying)
[ INFO ] [2018-08-01 14:48:54] org.springframework.context.support.PostProcessorRegistrationDelegate$BeanPostProcessorChecker [327] - Bean 'dataSource' of type [org.apache.tomcat.jdbc.pool.DataSource] is not eligible for getting processed by all BeanPostProcessors (for example: not eligible for auto-proxying)
[ DEBUG] [2018-08-01 14:48:54] org.apache.ibatis.io.VFS [84] - Using VFS adapter tk.mybatis.mapper.autoconfigure.SpringBootVFS
[ DEBUG] [2018-08-01 14:48:54] org.apache.ibatis.io.ResolverUtil [256] - Checking to see if class com.guye.sun.managent.pojo.dto.ManagerDto matches criteria [is assignable to Object]
[ DEBUG] [2018-08-01 14:48:54] org.apache.ibatis.io.ResolverUtil [256] - Checking to see if class com.guye.sun.managent.pojo.dto.OperateDto matches criteria [is assignable to Object]
[ DEBUG] [2018-08-01 14:48:54] org.apache.ibatis.io.ResolverUtil [256] - Checking to see if class com.guye.sun.managent.pojo.dto.PermissionDto matches criteria [is assignable to Object]
[ DEBUG] [2018-08-01 14:48:54] org.apache.ibatis.io.ResolverUtil [256] - Checking to see if class com.guye.sun.managent.pojo.dto.RoleOperateDto matches criteria [is assignable to Object]
[ DEBUG] [2018-08-01 14:48:54] org.apache.ibatis.io.ResolverUtil [256] - Checking to see if class com.guye.sun.managent.pojo.dto.ShiroPermission matches criteria [is assignable to Object]
[ DEBUG] [2018-08-01 14:48:54] org.apache.ibatis.io.ResolverUtil [256] - Checking to see if class com.guye.sun.managent.pojo.message.ApiResult$1 matches criteria [is assignable to Object]
[ DEBUG] [2018-08-01 14:48:54] org.apache.ibatis.io.ResolverUtil [256] - Checking to see if class com.guye.sun.managent.pojo.message.ApiResult$Builder matches criteria [is assignable to Object]
[ DEBUG] [2018-08-01 14:48:54] org.apache.ibatis.io.ResolverUtil [256] - Checking to see if class com.guye.sun.managent.pojo.message.ApiResult matches criteria [is assignable to Object]
[ DEBUG] [2018-08-01 14:48:54] org.apache.ibatis.io.ResolverUtil [256] - Checking to see if class com.guye.sun.managent.pojo.po.Log matches criteria [is assignable to Object]
[ DEBUG] [2018-08-01 14:48:54] org.apache.ibatis.io.ResolverUtil [256] - Checking to see if class com.guye.sun.managent.pojo.po.Manager matches criteria [is assignable to Object]
[ DEBUG] [2018-08-01 14:48:54] org.apache.ibatis.io.ResolverUtil [256] - Checking to see if class com.guye.sun.managent.pojo.po.Menu matches criteria [is assignable to Object]
[ DEBUG] [2018-08-01 14:48:54] org.apache.ibatis.io.ResolverUtil [256] - Checking to see if class com.guye.sun.managent.pojo.po.Operate matches criteria [is assignable to Object]
[ DEBUG] [2018-08-01 14:48:54] org.apache.ibatis.io.ResolverUtil [256] - Checking to see if class com.guye.sun.managent.pojo.po.Role matches criteria [is assignable to Object]
[ DEBUG] [2018-08-01 14:48:54] org.apache.ibatis.io.ResolverUtil [256] - Checking to see if class com.guye.sun.managent.pojo.po.RoleOperate matches criteria [is assignable to Object]
[ DEBUG] [2018-08-01 14:48:54] org.apache.ibatis.io.ResolverUtil [256] - Checking to see if class com.guye.sun.managent.pojo.rabbitmq_do.Book matches criteria [is assignable to Object]
[ DEBUG] [2018-08-01 14:48:54] org.apache.ibatis.io.ResolverUtil [256] - Checking to see if class com.guye.sun.managent.pojo.RecordEntity matches criteria [is assignable to Object]
[ INFO ] [2018-08-01 14:48:54] org.springframework.context.support.PostProcessorRegistrationDelegate$BeanPostProcessorChecker [327] - Bean 'sqlSessionFactory' of type [org.apache.ibatis.session.defaults.DefaultSqlSessionFactory] is not eligible for getting processed by all BeanPostProcessors (for example: not eligible for auto-proxying)
[ INFO ] [2018-08-01 14:48:54] org.springframework.context.support.PostProcessorRegistrationDelegate$BeanPostProcessorChecker [327] - Bean 'sqlSessionTemplate' of type [org.mybatis.spring.SqlSessionTemplate] is not eligible for getting processed by all BeanPostProcessors (for example: not eligible for auto-proxying)
[ INFO ] [2018-08-01 14:48:54] org.springframework.context.support.PostProcessorRegistrationDelegate$BeanPostProcessorChecker [327] - Bean 'managerMapper' of type [tk.mybatis.spring.mapper.MapperFactoryBean] is not eligible for getting processed by all BeanPostProcessors (for example: not eligible for auto-proxying)
[ INFO ] [2018-08-01 14:48:54] org.springframework.context.support.PostProcessorRegistrationDelegate$BeanPostProcessorChecker [327] - Bean 'managerMapper' of type [com.sun.proxy.$Proxy80] is not eligible for getting processed by all BeanPostProcessors (for example: not eligible for auto-proxying)
[ INFO ] [2018-08-01 14:48:54] org.springframework.context.support.PostProcessorRegistrationDelegate$BeanPostProcessorChecker [327] - Bean 'managerServiceImpl' of type [com.guye.sun.managent.service.impl.ManagerServiceImpl] is not eligible for getting processed by all BeanPostProcessors (for example: not eligible for auto-proxying)
[ INFO ] [2018-08-01 14:48:54] org.springframework.context.support.PostProcessorRegistrationDelegate$BeanPostProcessorChecker [327] - Bean 'operateMapper' of type [tk.mybatis.spring.mapper.MapperFactoryBean] is not eligible for getting processed by all BeanPostProcessors (for example: not eligible for auto-proxying)
[ INFO ] [2018-08-01 14:48:54] org.springframework.context.support.PostProcessorRegistrationDelegate$BeanPostProcessorChecker [327] - Bean 'operateMapper' of type [com.sun.proxy.$Proxy82] is not eligible for getting processed by all BeanPostProcessors (for example: not eligible for auto-proxying)
[ INFO ] [2018-08-01 14:48:54] org.springframework.context.support.PostProcessorRegistrationDelegate$BeanPostProcessorChecker [327] - Bean 'operateServiceImpl' of type [com.guye.sun.managent.service.impl.OperateServiceImpl] is not eligible for getting processed by all BeanPostProcessors (for example: not eligible for auto-proxying)
[ DEBUG] [2018-08-01 14:48:54] org.apache.shiro.spring.LifecycleBeanPostProcessor [86] - Initializing bean [AuthRealm]...
[ INFO ] [2018-08-01 14:48:54] org.springframework.context.support.PostProcessorRegistrationDelegate$BeanPostProcessorChecker [327] - Bean 'AuthRealm' of type [com.guye.sun.managent.config.shiro.AuthRealm] is not eligible for getting processed by all BeanPostProcessors (for example: not eligible for auto-proxying)
[ INFO ] [2018-08-01 14:48:55] org.springframework.context.support.PostProcessorRegistrationDelegate$BeanPostProcessorChecker [327] - Bean 'securityManager' of type [org.apache.shiro.web.mgt.DefaultWebSecurityManager] is not eligible for getting processed by all BeanPostProcessors (for example: not eligible for auto-proxying)
[ INFO ] [2018-08-01 14:48:55] com.guye.sun.managent.config.shiro.ShiroConfiguration [89] - ##################从数据库读取权限规则，加载到shiroFilter中##################
[ DEBUG] [2018-08-01 14:48:56] com.guye.sun.managent.dao.OperateMapper.listShiroPermissionByRoleId [159] - ==>  Preparing: SELECT t1.name menuName,concat(t1.channel,'/',t2.`op`) `path`,concat(t1.param,':',t2.op) perms FROM t_sys_menu t1 JOIN t_sys_operate t2 ON t1.id = t2.menu_id JOIN t_sys_role_operate t3 ON t2.id = t3.operate_id 
[ DEBUG] [2018-08-01 14:48:56] com.guye.sun.managent.dao.OperateMapper.listShiroPermissionByRoleId [159] - ==> Parameters: 
[ DEBUG] [2018-08-01 14:48:56] com.guye.sun.managent.dao.OperateMapper.listShiroPermissionByRoleId [159] - <==      Total: 41
[ INFO ] [2018-08-01 14:48:56] com.guye.sun.managent.config.shiro.ShiroConfiguration [92] - perms[sys:list]
[ INFO ] [2018-08-01 14:48:56] com.guye.sun.managent.config.shiro.ShiroConfiguration [92] - perms[sys:list]
[ INFO ] [2018-08-01 14:48:56] com.guye.sun.managent.config.shiro.ShiroConfiguration [92] - perms[sys:list]
[ INFO ] [2018-08-01 14:48:56] com.guye.sun.managent.config.shiro.ShiroConfiguration [92] - perms[sys:menu:add]
[ INFO ] [2018-08-01 14:48:56] com.guye.sun.managent.config.shiro.ShiroConfiguration [92] - perms[sys:menu:add]
[ INFO ] [2018-08-01 14:48:56] com.guye.sun.managent.config.shiro.ShiroConfiguration [92] - perms[sys:menu:add]
[ INFO ] [2018-08-01 14:48:56] com.guye.sun.managent.config.shiro.ShiroConfiguration [92] - perms[sys:menu:edit]
[ INFO ] [2018-08-01 14:48:56] com.guye.sun.managent.config.shiro.ShiroConfiguration [92] - perms[sys:menu:edit]
[ INFO ] [2018-08-01 14:48:56] com.guye.sun.managent.config.shiro.ShiroConfiguration [92] - perms[sys:menu:edit]
[ INFO ] [2018-08-01 14:48:56] com.guye.sun.managent.config.shiro.ShiroConfiguration [92] - perms[sys:menu:list]
[ INFO ] [2018-08-01 14:48:56] com.guye.sun.managent.config.shiro.ShiroConfiguration [92] - perms[sys:menu:list]
[ INFO ] [2018-08-01 14:48:56] com.guye.sun.managent.config.shiro.ShiroConfiguration [92] - perms[sys:menu:list]
[ INFO ] [2018-08-01 14:48:56] com.guye.sun.managent.config.shiro.ShiroConfiguration [92] - perms[sys:menu:remove]
[ INFO ] [2018-08-01 14:48:56] com.guye.sun.managent.config.shiro.ShiroConfiguration [92] - perms[sys:menu:remove]
[ INFO ] [2018-08-01 14:48:56] com.guye.sun.managent.config.shiro.ShiroConfiguration [92] - perms[sys:menu:remove]
[ INFO ] [2018-08-01 14:48:56] com.guye.sun.managent.config.shiro.ShiroConfiguration [92] - perms[sys:menu:save]
[ INFO ] [2018-08-01 14:48:56] com.guye.sun.managent.config.shiro.ShiroConfiguration [92] - perms[sys:menu:save]
[ INFO ] [2018-08-01 14:48:56] com.guye.sun.managent.config.shiro.ShiroConfiguration [92] - perms[sys:menu:save]
[ INFO ] [2018-08-01 14:48:56] com.guye.sun.managent.config.shiro.ShiroConfiguration [92] - perms[sys:operate:add]
[ INFO ] [2018-08-01 14:48:56] com.guye.sun.managent.config.shiro.ShiroConfiguration [92] - perms[sys:operate:edit]
[ INFO ] [2018-08-01 14:48:56] com.guye.sun.managent.config.shiro.ShiroConfiguration [92] - perms[sys:operate:list]
[ INFO ] [2018-08-01 14:48:56] com.guye.sun.managent.config.shiro.ShiroConfiguration [92] - perms[sys:operate:remove]
[ INFO ] [2018-08-01 14:48:56] com.guye.sun.managent.config.shiro.ShiroConfiguration [92] - perms[sys:operate:save]
[ INFO ] [2018-08-01 14:48:56] com.guye.sun.managent.config.shiro.ShiroConfiguration [92] - perms[sys:role:add]
[ INFO ] [2018-08-01 14:48:56] com.guye.sun.managent.config.shiro.ShiroConfiguration [92] - perms[sys:role:edit]
[ INFO ] [2018-08-01 14:48:56] com.guye.sun.managent.config.shiro.ShiroConfiguration [92] - perms[sys:role:list]
[ INFO ] [2018-08-01 14:48:56] com.guye.sun.managent.config.shiro.ShiroConfiguration [92] - perms[sys:role:permissions]
[ INFO ] [2018-08-01 14:48:56] com.guye.sun.managent.config.shiro.ShiroConfiguration [92] - perms[sys:role:remove]
[ INFO ] [2018-08-01 14:48:56] com.guye.sun.managent.config.shiro.ShiroConfiguration [92] - perms[sys:role:save]
[ INFO ] [2018-08-01 14:48:56] com.guye.sun.managent.config.shiro.ShiroConfiguration [92] - perms[sys:manager:add]
[ INFO ] [2018-08-01 14:48:56] com.guye.sun.managent.config.shiro.ShiroConfiguration [92] - perms[sys:manager:edit]
[ INFO ] [2018-08-01 14:48:56] com.guye.sun.managent.config.shiro.ShiroConfiguration [92] - perms[sys:manager:list]
[ INFO ] [2018-08-01 14:48:56] com.guye.sun.managent.config.shiro.ShiroConfiguration [92] - perms[sys:manager:remove]
[ INFO ] [2018-08-01 14:48:56] com.guye.sun.managent.config.shiro.ShiroConfiguration [92] - perms[sys:manager:save]
[ INFO ] [2018-08-01 14:48:56] com.guye.sun.managent.config.shiro.ShiroConfiguration [92] - perms[sys:logs:export]
[ INFO ] [2018-08-01 14:48:56] com.guye.sun.managent.config.shiro.ShiroConfiguration [92] - perms[sys:logs:list]
[ INFO ] [2018-08-01 14:48:56] com.guye.sun.managent.config.shiro.ShiroConfiguration [92] - perms[sys:dict:edit]
[ INFO ] [2018-08-01 14:48:56] com.guye.sun.managent.config.shiro.ShiroConfiguration [92] - perms[sys:dict:list]
[ INFO ] [2018-08-01 14:48:56] com.guye.sun.managent.config.shiro.ShiroConfiguration [92] - perms[sys:dict:remove]
[ INFO ] [2018-08-01 14:48:56] com.guye.sun.managent.config.shiro.ShiroConfiguration [92] - perms[sys:dict:save]
[ INFO ] [2018-08-01 14:48:56] com.guye.sun.managent.config.shiro.ShiroConfiguration [92] - perms[battcn:utils:list]
[ DEBUG] [2018-08-01 14:48:56] com.guye.sun.managent.config.shiro.ShiroConfiguration [97] - [拦截链] - [{"/resource/**":"anon","/install":"anon","/sys/sys/list":"authc,perms[sys:list]","/sys/menu/add":"authc,perms[sys:menu:add]","/sys/menu/edit":"authc,perms[sys:menu:edit]","/sys/menu/list":"authc,perms[sys:menu:list]","/sys/menu/remove":"authc,perms[sys:menu:remove]","/sys/menu/save":"authc,perms[sys:menu:save]","/sys/operate/add":"authc,perms[sys:operate:add]","/sys/operate/edit":"authc,perms[sys:operate:edit]","/sys/operate/list":"authc,perms[sys:operate:list]","/sys/operate/remove":"authc,perms[sys:operate:remove]","/sys/operate/save":"authc,perms[sys:operate:save]","/sys/role/add":"authc,perms[sys:role:add]","/sys/role/edit":"authc,perms[sys:role:edit]","/sys/role/list":"authc,perms[sys:role:list]","/sys/role/permissions":"authc,perms[sys:role:permissions]","/sys/role/remove":"authc,perms[sys:role:remove]","/sys/role/save":"authc,perms[sys:role:save]","/sys/manager/add":"authc,perms[sys:manager:add]","/sys/manager/edit":"authc,perms[sys:manager:edit]","/sys/manager/list":"authc,perms[sys:manager:list]","/sys/manager/remove":"authc,perms[sys:manager:remove]","/sys/manager/save":"authc,perms[sys:manager:save]","/sys/log/export":"authc,perms[sys:logs:export]","/sys/log/list":"authc,perms[sys:logs:list]","/sys/dict/edit":"authc,perms[sys:dict:edit]","/sys/dict/list":"authc,perms[sys:dict:list]","/sys/dict/remove":"authc,perms[sys:dict:remove]","/sys/dict/save":"authc,perms[sys:dict:save]","/battcn/utils/list":"authc,perms[battcn:utils:list]","/**":"authc"}]
[ INFO ] [2018-08-01 14:48:56] org.springframework.context.support.PostProcessorRegistrationDelegate$BeanPostProcessorChecker [327] - Bean 'org.springframework.amqp.rabbit.annotation.RabbitBootstrapConfiguration' of type [org.springframework.amqp.rabbit.annotation.RabbitBootstrapConfiguration$$EnhancerBySpringCGLIB$$bd1a4280] is not eligible for getting processed by all BeanPostProcessors (for example: not eligible for auto-proxying)
[ INFO ] [2018-08-01 14:48:56] org.springframework.context.support.PostProcessorRegistrationDelegate$BeanPostProcessorChecker [327] - Bean 'getAuthorizationAttributeSourceAdvisor' of type [org.apache.shiro.spring.security.interceptor.AuthorizationAttributeSourceAdvisor] is not eligible for getting processed by all BeanPostProcessors (for example: not eligible for auto-proxying)
[ INFO ] [2018-08-01 14:48:56] org.springframework.context.support.PostProcessorRegistrationDelegate$BeanPostProcessorChecker [327] - Bean 'org.springframework.transaction.annotation.ProxyTransactionManagementConfiguration' of type [org.springframework.transaction.annotation.ProxyTransactionManagementConfiguration$$EnhancerBySpringCGLIB$$f6ae8452] is not eligible for getting processed by all BeanPostProcessors (for example: not eligible for auto-proxying)
[ INFO ] [2018-08-01 14:48:57] org.springframework.boot.context.embedded.tomcat.TomcatEmbeddedServletContainer [89] - Tomcat initialized with port(s): 8080 (http)
[ INFO ] [2018-08-01 14:48:57] org.apache.catalina.core.StandardService [179] - Starting service [Tomcat]
[ INFO ] [2018-08-01 14:48:57] org.apache.catalina.core.StandardEngine [179] - Starting Servlet Engine: Apache Tomcat/8.5.23
[ INFO ] [2018-08-01 14:48:57] org.apache.catalina.core.ContainerBase.[Tomcat].[localhost].[/] [179] - Initializing Spring embedded WebApplicationContext
[ INFO ] [2018-08-01 14:48:57] org.springframework.web.context.ContextLoader [276] - Root WebApplicationContext: initialization completed in 6858 ms
[ DEBUG] [2018-08-01 14:48:58] org.apache.shiro.spring.web.ShiroFilterFactoryBean [501] - Found filter chain candidate filter '(inner bean)#2cdf2208'
[ DEBUG] [2018-08-01 14:48:58] org.apache.shiro.spring.web.ShiroFilterFactoryBean [501] - Found filter chain candidate filter '(inner bean)#661cbfa3'
[ DEBUG] [2018-08-01 14:48:58] org.apache.shiro.spring.web.ShiroFilterFactoryBean [424] - Creating Shiro Filter instance.
[ DEBUG] [2018-08-01 14:48:58] org.apache.shiro.web.filter.mgt.DefaultFilterChainManager [127] - Creating chain [/resource/**] from String definition [anon]
[ DEBUG] [2018-08-01 14:48:58] org.apache.shiro.web.filter.mgt.DefaultFilterChainManager [278] - Attempting to apply path [/resource/**] to filter [anon] with config [null]
[ DEBUG] [2018-08-01 14:48:58] org.apache.shiro.web.filter.mgt.DefaultFilterChainManager [127] - Creating chain [/install] from String definition [anon]
[ DEBUG] [2018-08-01 14:48:58] org.apache.shiro.web.filter.mgt.DefaultFilterChainManager [278] - Attempting to apply path [/install] to filter [anon] with config [null]
[ DEBUG] [2018-08-01 14:48:58] org.apache.shiro.web.filter.mgt.DefaultFilterChainManager [127] - Creating chain [/sys/sys/list] from String definition [authc,perms[sys:list]]
[ DEBUG] [2018-08-01 14:48:58] org.apache.shiro.web.filter.mgt.DefaultFilterChainManager [278] - Attempting to apply path [/sys/sys/list] to filter [authc] with config [null]
[ DEBUG] [2018-08-01 14:48:58] org.apache.shiro.web.filter.mgt.DefaultFilterChainManager [278] - Attempting to apply path [/sys/sys/list] to filter [perms] with config [sys:list]
[ DEBUG] [2018-08-01 14:48:58] org.apache.shiro.web.filter.mgt.DefaultFilterChainManager [127] - Creating chain [/sys/menu/add] from String definition [authc,perms[sys:menu:add]]
[ DEBUG] [2018-08-01 14:48:58] org.apache.shiro.web.filter.mgt.DefaultFilterChainManager [278] - Attempting to apply path [/sys/menu/add] to filter [authc] with config [null]
[ DEBUG] [2018-08-01 14:48:58] org.apache.shiro.web.filter.mgt.DefaultFilterChainManager [278] - Attempting to apply path [/sys/menu/add] to filter [perms] with config [sys:menu:add]
[ DEBUG] [2018-08-01 14:48:58] org.apache.shiro.web.filter.mgt.DefaultFilterChainManager [127] - Creating chain [/sys/menu/edit] from String definition [authc,perms[sys:menu:edit]]
[ DEBUG] [2018-08-01 14:48:58] org.apache.shiro.web.filter.mgt.DefaultFilterChainManager [278] - Attempting to apply path [/sys/menu/edit] to filter [authc] with config [null]
[ DEBUG] [2018-08-01 14:48:58] org.apache.shiro.web.filter.mgt.DefaultFilterChainManager [278] - Attempting to apply path [/sys/menu/edit] to filter [perms] with config [sys:menu:edit]
[ DEBUG] [2018-08-01 14:48:58] org.apache.shiro.web.filter.mgt.DefaultFilterChainManager [127] - Creating chain [/sys/menu/list] from String definition [authc,perms[sys:menu:list]]
[ DEBUG] [2018-08-01 14:48:58] org.apache.shiro.web.filter.mgt.DefaultFilterChainManager [278] - Attempting to apply path [/sys/menu/list] to filter [authc] with config [null]
[ DEBUG] [2018-08-01 14:48:58] org.apache.shiro.web.filter.mgt.DefaultFilterChainManager [278] - Attempting to apply path [/sys/menu/list] to filter [perms] with config [sys:menu:list]
[ DEBUG] [2018-08-01 14:48:58] org.apache.shiro.web.filter.mgt.DefaultFilterChainManager [127] - Creating chain [/sys/menu/remove] from String definition [authc,perms[sys:menu:remove]]
[ DEBUG] [2018-08-01 14:48:58] org.apache.shiro.web.filter.mgt.DefaultFilterChainManager [278] - Attempting to apply path [/sys/menu/remove] to filter [authc] with config [null]
[ DEBUG] [2018-08-01 14:48:58] org.apache.shiro.web.filter.mgt.DefaultFilterChainManager [278] - Attempting to apply path [/sys/menu/remove] to filter [perms] with config [sys:menu:remove]
[ DEBUG] [2018-08-01 14:48:58] org.apache.shiro.web.filter.mgt.DefaultFilterChainManager [127] - Creating chain [/sys/menu/save] from String definition [authc,perms[sys:menu:save]]
[ DEBUG] [2018-08-01 14:48:58] org.apache.shiro.web.filter.mgt.DefaultFilterChainManager [278] - Attempting to apply path [/sys/menu/save] to filter [authc] with config [null]
[ DEBUG] [2018-08-01 14:48:58] org.apache.shiro.web.filter.mgt.DefaultFilterChainManager [278] - Attempting to apply path [/sys/menu/save] to filter [perms] with config [sys:menu:save]
[ DEBUG] [2018-08-01 14:48:58] org.apache.shiro.web.filter.mgt.DefaultFilterChainManager [127] - Creating chain [/sys/operate/add] from String definition [authc,perms[sys:operate:add]]
[ DEBUG] [2018-08-01 14:48:58] org.apache.shiro.web.filter.mgt.DefaultFilterChainManager [278] - Attempting to apply path [/sys/operate/add] to filter [authc] with config [null]
[ DEBUG] [2018-08-01 14:48:58] org.apache.shiro.web.filter.mgt.DefaultFilterChainManager [278] - Attempting to apply path [/sys/operate/add] to filter [perms] with config [sys:operate:add]
[ DEBUG] [2018-08-01 14:48:58] org.apache.shiro.web.filter.mgt.DefaultFilterChainManager [127] - Creating chain [/sys/operate/edit] from String definition [authc,perms[sys:operate:edit]]
[ DEBUG] [2018-08-01 14:48:58] org.apache.shiro.web.filter.mgt.DefaultFilterChainManager [278] - Attempting to apply path [/sys/operate/edit] to filter [authc] with config [null]
[ DEBUG] [2018-08-01 14:48:58] org.apache.shiro.web.filter.mgt.DefaultFilterChainManager [278] - Attempting to apply path [/sys/operate/edit] to filter [perms] with config [sys:operate:edit]
[ DEBUG] [2018-08-01 14:48:58] org.apache.shiro.web.filter.mgt.DefaultFilterChainManager [127] - Creating chain [/sys/operate/list] from String definition [authc,perms[sys:operate:list]]
[ DEBUG] [2018-08-01 14:48:58] org.apache.shiro.web.filter.mgt.DefaultFilterChainManager [278] - Attempting to apply path [/sys/operate/list] to filter [authc] with config [null]
[ DEBUG] [2018-08-01 14:48:58] org.apache.shiro.web.filter.mgt.DefaultFilterChainManager [278] - Attempting to apply path [/sys/operate/list] to filter [perms] with config [sys:operate:list]
[ DEBUG] [2018-08-01 14:48:58] org.apache.shiro.web.filter.mgt.DefaultFilterChainManager [127] - Creating chain [/sys/operate/remove] from String definition [authc,perms[sys:operate:remove]]
[ DEBUG] [2018-08-01 14:48:58] org.apache.shiro.web.filter.mgt.DefaultFilterChainManager [278] - Attempting to apply path [/sys/operate/remove] to filter [authc] with config [null]
[ DEBUG] [2018-08-01 14:48:58] org.apache.shiro.web.filter.mgt.DefaultFilterChainManager [278] - Attempting to apply path [/sys/operate/remove] to filter [perms] with config [sys:operate:remove]
[ DEBUG] [2018-08-01 14:48:58] org.apache.shiro.web.filter.mgt.DefaultFilterChainManager [127] - Creating chain [/sys/operate/save] from String definition [authc,perms[sys:operate:save]]
[ DEBUG] [2018-08-01 14:48:58] org.apache.shiro.web.filter.mgt.DefaultFilterChainManager [278] - Attempting to apply path [/sys/operate/save] to filter [authc] with config [null]
[ DEBUG] [2018-08-01 14:48:58] org.apache.shiro.web.filter.mgt.DefaultFilterChainManager [278] - Attempting to apply path [/sys/operate/save] to filter [perms] with config [sys:operate:save]
[ DEBUG] [2018-08-01 14:48:58] org.apache.shiro.web.filter.mgt.DefaultFilterChainManager [127] - Creating chain [/sys/role/add] from String definition [authc,perms[sys:role:add]]
[ DEBUG] [2018-08-01 14:48:58] org.apache.shiro.web.filter.mgt.DefaultFilterChainManager [278] - Attempting to apply path [/sys/role/add] to filter [authc] with config [null]
[ DEBUG] [2018-08-01 14:48:58] org.apache.shiro.web.filter.mgt.DefaultFilterChainManager [278] - Attempting to apply path [/sys/role/add] to filter [perms] with config [sys:role:add]
[ DEBUG] [2018-08-01 14:48:58] org.apache.shiro.web.filter.mgt.DefaultFilterChainManager [127] - Creating chain [/sys/role/edit] from String definition [authc,perms[sys:role:edit]]
[ DEBUG] [2018-08-01 14:48:58] org.apache.shiro.web.filter.mgt.DefaultFilterChainManager [278] - Attempting to apply path [/sys/role/edit] to filter [authc] with config [null]
[ DEBUG] [2018-08-01 14:48:58] org.apache.shiro.web.filter.mgt.DefaultFilterChainManager [278] - Attempting to apply path [/sys/role/edit] to filter [perms] with config [sys:role:edit]
[ DEBUG] [2018-08-01 14:48:58] org.apache.shiro.web.filter.mgt.DefaultFilterChainManager [127] - Creating chain [/sys/role/list] from String definition [authc,perms[sys:role:list]]
[ DEBUG] [2018-08-01 14:48:58] org.apache.shiro.web.filter.mgt.DefaultFilterChainManager [278] - Attempting to apply path [/sys/role/list] to filter [authc] with config [null]
[ DEBUG] [2018-08-01 14:48:58] org.apache.shiro.web.filter.mgt.DefaultFilterChainManager [278] - Attempting to apply path [/sys/role/list] to filter [perms] with config [sys:role:list]
[ DEBUG] [2018-08-01 14:48:58] org.apache.shiro.web.filter.mgt.DefaultFilterChainManager [127] - Creating chain [/sys/role/permissions] from String definition [authc,perms[sys:role:permissions]]
[ DEBUG] [2018-08-01 14:48:58] org.apache.shiro.web.filter.mgt.DefaultFilterChainManager [278] - Attempting to apply path [/sys/role/permissions] to filter [authc] with config [null]
[ DEBUG] [2018-08-01 14:48:58] org.apache.shiro.web.filter.mgt.DefaultFilterChainManager [278] - Attempting to apply path [/sys/role/permissions] to filter [perms] with config [sys:role:permissions]
[ DEBUG] [2018-08-01 14:48:58] org.apache.shiro.web.filter.mgt.DefaultFilterChainManager [127] - Creating chain [/sys/role/remove] from String definition [authc,perms[sys:role:remove]]
[ DEBUG] [2018-08-01 14:48:58] org.apache.shiro.web.filter.mgt.DefaultFilterChainManager [278] - Attempting to apply path [/sys/role/remove] to filter [authc] with config [null]
[ DEBUG] [2018-08-01 14:48:58] org.apache.shiro.web.filter.mgt.DefaultFilterChainManager [278] - Attempting to apply path [/sys/role/remove] to filter [perms] with config [sys:role:remove]
[ DEBUG] [2018-08-01 14:48:58] org.apache.shiro.web.filter.mgt.DefaultFilterChainManager [127] - Creating chain [/sys/role/save] from String definition [authc,perms[sys:role:save]]
[ DEBUG] [2018-08-01 14:48:58] org.apache.shiro.web.filter.mgt.DefaultFilterChainManager [278] - Attempting to apply path [/sys/role/save] to filter [authc] with config [null]
[ DEBUG] [2018-08-01 14:48:58] org.apache.shiro.web.filter.mgt.DefaultFilterChainManager [278] - Attempting to apply path [/sys/role/save] to filter [perms] with config [sys:role:save]
[ DEBUG] [2018-08-01 14:48:58] org.apache.shiro.web.filter.mgt.DefaultFilterChainManager [127] - Creating chain [/sys/manager/add] from String definition [authc,perms[sys:manager:add]]
[ DEBUG] [2018-08-01 14:48:58] org.apache.shiro.web.filter.mgt.DefaultFilterChainManager [278] - Attempting to apply path [/sys/manager/add] to filter [authc] with config [null]
[ DEBUG] [2018-08-01 14:48:58] org.apache.shiro.web.filter.mgt.DefaultFilterChainManager [278] - Attempting to apply path [/sys/manager/add] to filter [perms] with config [sys:manager:add]
[ DEBUG] [2018-08-01 14:48:58] org.apache.shiro.web.filter.mgt.DefaultFilterChainManager [127] - Creating chain [/sys/manager/edit] from String definition [authc,perms[sys:manager:edit]]
[ DEBUG] [2018-08-01 14:48:58] org.apache.shiro.web.filter.mgt.DefaultFilterChainManager [278] - Attempting to apply path [/sys/manager/edit] to filter [authc] with config [null]
[ DEBUG] [2018-08-01 14:48:58] org.apache.shiro.web.filter.mgt.DefaultFilterChainManager [278] - Attempting to apply path [/sys/manager/edit] to filter [perms] with config [sys:manager:edit]
[ DEBUG] [2018-08-01 14:48:58] org.apache.shiro.web.filter.mgt.DefaultFilterChainManager [127] - Creating chain [/sys/manager/list] from String definition [authc,perms[sys:manager:list]]
[ DEBUG] [2018-08-01 14:48:58] org.apache.shiro.web.filter.mgt.DefaultFilterChainManager [278] - Attempting to apply path [/sys/manager/list] to filter [authc] with config [null]
[ DEBUG] [2018-08-01 14:48:58] org.apache.shiro.web.filter.mgt.DefaultFilterChainManager [278] - Attempting to apply path [/sys/manager/list] to filter [perms] with config [sys:manager:list]
[ DEBUG] [2018-08-01 14:48:58] org.apache.shiro.web.filter.mgt.DefaultFilterChainManager [127] - Creating chain [/sys/manager/remove] from String definition [authc,perms[sys:manager:remove]]
[ DEBUG] [2018-08-01 14:48:58] org.apache.shiro.web.filter.mgt.DefaultFilterChainManager [278] - Attempting to apply path [/sys/manager/remove] to filter [authc] with config [null]
[ DEBUG] [2018-08-01 14:48:58] org.apache.shiro.web.filter.mgt.DefaultFilterChainManager [278] - Attempting to apply path [/sys/manager/remove] to filter [perms] with config [sys:manager:remove]
[ DEBUG] [2018-08-01 14:48:58] org.apache.shiro.web.filter.mgt.DefaultFilterChainManager [127] - Creating chain [/sys/manager/save] from String definition [authc,perms[sys:manager:save]]
[ DEBUG] [2018-08-01 14:48:58] org.apache.shiro.web.filter.mgt.DefaultFilterChainManager [278] - Attempting to apply path [/sys/manager/save] to filter [authc] with config [null]
[ DEBUG] [2018-08-01 14:48:58] org.apache.shiro.web.filter.mgt.DefaultFilterChainManager [278] - Attempting to apply path [/sys/manager/save] to filter [perms] with config [sys:manager:save]
[ DEBUG] [2018-08-01 14:48:58] org.apache.shiro.web.filter.mgt.DefaultFilterChainManager [127] - Creating chain [/sys/log/export] from String definition [authc,perms[sys:logs:export]]
[ DEBUG] [2018-08-01 14:48:58] org.apache.shiro.web.filter.mgt.DefaultFilterChainManager [278] - Attempting to apply path [/sys/log/export] to filter [authc] with config [null]
[ DEBUG] [2018-08-01 14:48:58] org.apache.shiro.web.filter.mgt.DefaultFilterChainManager [278] - Attempting to apply path [/sys/log/export] to filter [perms] with config [sys:logs:export]
[ DEBUG] [2018-08-01 14:48:58] org.apache.shiro.web.filter.mgt.DefaultFilterChainManager [127] - Creating chain [/sys/log/list] from String definition [authc,perms[sys:logs:list]]
[ DEBUG] [2018-08-01 14:48:58] org.apache.shiro.web.filter.mgt.DefaultFilterChainManager [278] - Attempting to apply path [/sys/log/list] to filter [authc] with config [null]
[ DEBUG] [2018-08-01 14:48:58] org.apache.shiro.web.filter.mgt.DefaultFilterChainManager [278] - Attempting to apply path [/sys/log/list] to filter [perms] with config [sys:logs:list]
[ DEBUG] [2018-08-01 14:48:58] org.apache.shiro.web.filter.mgt.DefaultFilterChainManager [127] - Creating chain [/sys/dict/edit] from String definition [authc,perms[sys:dict:edit]]
[ DEBUG] [2018-08-01 14:48:58] org.apache.shiro.web.filter.mgt.DefaultFilterChainManager [278] - Attempting to apply path [/sys/dict/edit] to filter [authc] with config [null]
[ DEBUG] [2018-08-01 14:48:58] org.apache.shiro.web.filter.mgt.DefaultFilterChainManager [278] - Attempting to apply path [/sys/dict/edit] to filter [perms] with config [sys:dict:edit]
[ DEBUG] [2018-08-01 14:48:58] org.apache.shiro.web.filter.mgt.DefaultFilterChainManager [127] - Creating chain [/sys/dict/list] from String definition [authc,perms[sys:dict:list]]
[ DEBUG] [2018-08-01 14:48:58] org.apache.shiro.web.filter.mgt.DefaultFilterChainManager [278] - Attempting to apply path [/sys/dict/list] to filter [authc] with config [null]
[ DEBUG] [2018-08-01 14:48:58] org.apache.shiro.web.filter.mgt.DefaultFilterChainManager [278] - Attempting to apply path [/sys/dict/list] to filter [perms] with config [sys:dict:list]
[ DEBUG] [2018-08-01 14:48:58] org.apache.shiro.web.filter.mgt.DefaultFilterChainManager [127] - Creating chain [/sys/dict/remove] from String definition [authc,perms[sys:dict:remove]]
[ DEBUG] [2018-08-01 14:48:58] org.apache.shiro.web.filter.mgt.DefaultFilterChainManager [278] - Attempting to apply path [/sys/dict/remove] to filter [authc] with config [null]
[ DEBUG] [2018-08-01 14:48:58] org.apache.shiro.web.filter.mgt.DefaultFilterChainManager [278] - Attempting to apply path [/sys/dict/remove] to filter [perms] with config [sys:dict:remove]
[ DEBUG] [2018-08-01 14:48:58] org.apache.shiro.web.filter.mgt.DefaultFilterChainManager [127] - Creating chain [/sys/dict/save] from String definition [authc,perms[sys:dict:save]]
[ DEBUG] [2018-08-01 14:48:58] org.apache.shiro.web.filter.mgt.DefaultFilterChainManager [278] - Attempting to apply path [/sys/dict/save] to filter [authc] with config [null]
[ DEBUG] [2018-08-01 14:48:58] org.apache.shiro.web.filter.mgt.DefaultFilterChainManager [278] - Attempting to apply path [/sys/dict/save] to filter [perms] with config [sys:dict:save]
[ DEBUG] [2018-08-01 14:48:58] org.apache.shiro.web.filter.mgt.DefaultFilterChainManager [127] - Creating chain [/battcn/utils/list] from String definition [authc,perms[battcn:utils:list]]
[ DEBUG] [2018-08-01 14:48:58] org.apache.shiro.web.filter.mgt.DefaultFilterChainManager [278] - Attempting to apply path [/battcn/utils/list] to filter [authc] with config [null]
[ DEBUG] [2018-08-01 14:48:58] org.apache.shiro.web.filter.mgt.DefaultFilterChainManager [278] - Attempting to apply path [/battcn/utils/list] to filter [perms] with config [battcn:utils:list]
[ DEBUG] [2018-08-01 14:48:58] org.apache.shiro.web.filter.mgt.DefaultFilterChainManager [127] - Creating chain [/**] from String definition [authc]
[ DEBUG] [2018-08-01 14:48:58] org.apache.shiro.web.filter.mgt.DefaultFilterChainManager [278] - Attempting to apply path [/**] to filter [authc] with config [null]
[ DEBUG] [2018-08-01 14:48:58] org.apache.shiro.spring.web.ShiroFilterFactoryBean [501] - Found filter chain candidate filter 'requestContextFilter'
[ DEBUG] [2018-08-01 14:48:58] org.apache.shiro.spring.web.ShiroFilterFactoryBean [501] - Found filter chain candidate filter 'hiddenHttpMethodFilter'
[ DEBUG] [2018-08-01 14:48:58] org.apache.shiro.spring.web.ShiroFilterFactoryBean [501] - Found filter chain candidate filter 'httpPutFormContentFilter'
[ DEBUG] [2018-08-01 14:48:58] org.apache.shiro.spring.web.ShiroFilterFactoryBean [501] - Found filter chain candidate filter 'characterEncodingFilter'
[ INFO ] [2018-08-01 14:48:58] org.springframework.boot.web.servlet.ServletRegistrationBean [190] - Mapping servlet: 'dispatcherServlet' to [/]
[ INFO ] [2018-08-01 14:48:58] org.springframework.boot.web.servlet.FilterRegistrationBean [258] - Mapping filter: 'characterEncodingFilter' to: [/*]
[ INFO ] [2018-08-01 14:48:58] org.springframework.boot.web.servlet.FilterRegistrationBean [258] - Mapping filter: 'hiddenHttpMethodFilter' to: [/*]
[ INFO ] [2018-08-01 14:48:58] org.springframework.boot.web.servlet.FilterRegistrationBean [258] - Mapping filter: 'httpPutFormContentFilter' to: [/*]
[ INFO ] [2018-08-01 14:48:58] org.springframework.boot.web.servlet.FilterRegistrationBean [258] - Mapping filter: 'requestContextFilter' to: [/*]
[ INFO ] [2018-08-01 14:48:58] org.springframework.boot.web.servlet.FilterRegistrationBean [271] - Mapping filter: 'testFilter1' to urls: [/*]
[ INFO ] [2018-08-01 14:48:58] org.springframework.boot.web.servlet.FilterRegistrationBean [271] - Mapping filter: 'testFilter2' to urls: [/*]
[ INFO ] [2018-08-01 14:48:58] org.springframework.boot.web.servlet.FilterRegistrationBean [258] - Mapping filter: 'shiroFilter' to: [/*]
[ INFO ] [2018-08-01 14:48:59] org.springframework.scheduling.concurrent.ThreadPoolTaskExecutor [165] - Initializing ExecutorService  'clientInboundChannelExecutor'
[ INFO ] [2018-08-01 14:49:00] org.springframework.scheduling.concurrent.ThreadPoolTaskExecutor [165] - Initializing ExecutorService  'clientOutboundChannelExecutor'
[ INFO ] [2018-08-01 14:49:01] org.springframework.web.servlet.mvc.method.annotation.RequestMappingHandlerMapping [543] - Mapped "{[/websocket]}" onto public java.lang.String com.guye.sun.managent.config.webSocket.controller.WelcomeController.welcome()
[ INFO ] [2018-08-01 14:49:01] org.springframework.web.servlet.mvc.method.annotation.RequestMappingHandlerMapping [543] - Mapped "{[/chat]}" onto public java.lang.String com.guye.sun.managent.config.webSocket.controller.WelcomeController.chat()
[ INFO ] [2018-08-01 14:49:01] org.springframework.web.servlet.mvc.method.annotation.RequestMappingHandlerMapping [543] - Mapped "{[/index],methods=[GET]}" onto public java.lang.String com.guye.sun.managent.controller.IndexController.index(org.springframework.ui.Model)
[ INFO ] [2018-08-01 14:49:01] org.springframework.web.servlet.mvc.method.annotation.RequestMappingHandlerMapping [543] - Mapped "{[/main],methods=[GET]}" onto public java.lang.String com.guye.sun.managent.controller.IndexController.main()
[ INFO ] [2018-08-01 14:49:01] org.springframework.web.servlet.mvc.method.annotation.RequestMappingHandlerMapping [543] - Mapped "{[/install],methods=[GET]}" onto public com.guye.sun.managent.pojo.message.ApiResult<java.lang.String> com.guye.sun.managent.controller.IndexController.install()
[ INFO ] [2018-08-01 14:49:01] org.springframework.web.servlet.mvc.method.annotation.RequestMappingHandlerMapping [543] - Mapped "{[/op_{oper}_{menuId}]}" onto public java.lang.String com.guye.sun.managent.controller.IndexController.forward(java.lang.String,java.lang.Integer,org.springframework.ui.Model)
[ INFO ] [2018-08-01 14:49:01] org.springframework.web.servlet.mvc.method.annotation.RequestMappingHandlerMapping [543] - Mapped "{[/denied],methods=[GET]}" onto public java.lang.String com.guye.sun.managent.controller.IndexController.denied()
[ INFO ] [2018-08-01 14:49:01] org.springframework.web.servlet.mvc.method.annotation.RequestMappingHandlerMapping [543] - Mapped "{[/ || /login],methods=[GET]}" onto public java.lang.String com.guye.sun.managent.controller.LoginController.login()
[ INFO ] [2018-08-01 14:49:01] org.springframework.web.servlet.mvc.method.annotation.RequestMappingHandlerMapping [543] - Mapped "{[/login],methods=[POST]}" onto public java.lang.String com.guye.sun.managent.controller.LoginController.login(com.guye.sun.managent.pojo.po.Manager,org.springframework.web.servlet.mvc.support.RedirectAttributes)
[ INFO ] [2018-08-01 14:49:01] org.springframework.web.servlet.mvc.method.annotation.RequestMappingHandlerMapping [543] - Mapped "{[/sys/log/list]}" onto public java.lang.String com.guye.sun.managent.controller.sys.LogController.list() throws com.guye.sun.common.exception.DefinedException
[ INFO ] [2018-08-01 14:49:01] org.springframework.web.servlet.mvc.method.annotation.RequestMappingHandlerMapping [543] - Mapped "{[/sys/log/query]}" onto public com.github.pagehelper.PageInfo<com.guye.sun.managent.pojo.po.Log> com.guye.sun.managent.controller.sys.LogController.query(com.guye.sun.mybatis.page.DataGrid,java.lang.String)
[ INFO ] [2018-08-01 14:49:01] org.springframework.web.servlet.mvc.method.annotation.RequestMappingHandlerMapping [543] - Mapped "{[/sys/log/export]}" onto public void com.guye.sun.managent.controller.sys.LogController.export(javax.servlet.http.HttpServletResponse) throws java.lang.Exception
[ INFO ] [2018-08-01 14:49:01] org.springframework.web.servlet.mvc.method.annotation.RequestMappingHandlerMapping [543] - Mapped "{[/sys/manager/list],methods=[GET]}" onto public java.lang.String com.guye.sun.managent.controller.sys.ManagerController.list()
[ INFO ] [2018-08-01 14:49:01] org.springframework.web.servlet.mvc.method.annotation.RequestMappingHandlerMapping [543] - Mapped "{[/sys/manager/save],methods=[POST]}" onto public com.guye.sun.managent.pojo.message.ApiResult<com.guye.sun.managent.pojo.po.Manager> com.guye.sun.managent.controller.sys.ManagerController.save(com.guye.sun.managent.pojo.po.Manager)
[ INFO ] [2018-08-01 14:49:01] org.springframework.web.servlet.mvc.method.annotation.RequestMappingHandlerMapping [543] - Mapped "{[/sys/manager/query],methods=[GET]}" onto public com.github.pagehelper.PageInfo<com.guye.sun.managent.pojo.dto.ManagerDto> com.guye.sun.managent.controller.sys.ManagerController.query(com.guye.sun.mybatis.page.DataGrid,java.lang.String,java.lang.String)
[ INFO ] [2018-08-01 14:49:01] org.springframework.web.servlet.mvc.method.annotation.RequestMappingHandlerMapping [543] - Mapped "{[/sys/manager/remove],methods=[POST]}" onto public com.guye.sun.managent.pojo.message.ApiResult<java.lang.String> com.guye.sun.managent.controller.sys.ManagerController.del(java.lang.Integer[])
[ INFO ] [2018-08-01 14:49:01] org.springframework.web.servlet.mvc.method.annotation.RequestMappingHandlerMapping [543] - Mapped "{[/sys/manager/edit],methods=[GET]}" onto public java.lang.String com.guye.sun.managent.controller.sys.ManagerController.edit(java.lang.Integer)
[ INFO ] [2018-08-01 14:49:01] org.springframework.web.servlet.mvc.method.annotation.RequestMappingHandlerMapping [543] - Mapped "{[/sys/menu/list],methods=[GET]}" onto public java.lang.String com.guye.sun.managent.controller.sys.MenuController.list(com.guye.sun.mybatis.page.DataGrid)
[ INFO ] [2018-08-01 14:49:01] org.springframework.web.servlet.mvc.method.annotation.RequestMappingHandlerMapping [543] - Mapped "{[/sys/menu/save],methods=[POST]}" onto public com.guye.sun.managent.pojo.message.ApiResult<java.lang.String> com.guye.sun.managent.controller.sys.MenuController.save(com.guye.sun.managent.pojo.po.Menu)
[ INFO ] [2018-08-01 14:49:01] org.springframework.web.servlet.mvc.method.annotation.RequestMappingHandlerMapping [543] - Mapped "{[/sys/menu/remove],methods=[POST]}" onto public com.guye.sun.managent.pojo.message.ApiResult<java.lang.String> com.guye.sun.managent.controller.sys.MenuController.del(java.lang.Integer[])
[ INFO ] [2018-08-01 14:49:01] org.springframework.web.servlet.mvc.method.annotation.RequestMappingHandlerMapping [543] - Mapped "{[/sys/menu/edit],methods=[GET]}" onto public java.lang.String com.guye.sun.managent.controller.sys.MenuController.edit(java.lang.Integer)
[ INFO ] [2018-08-01 14:49:01] org.springframework.web.servlet.mvc.method.annotation.RequestMappingHandlerMapping [543] - Mapped "{[/sys/operate/list],methods=[GET]}" onto public java.lang.String com.guye.sun.managent.controller.sys.OperateController.list()
[ INFO ] [2018-08-01 14:49:01] org.springframework.web.servlet.mvc.method.annotation.RequestMappingHandlerMapping [543] - Mapped "{[/sys/operate/save],methods=[POST]}" onto public com.guye.sun.managent.pojo.message.ApiResult<java.lang.String> com.guye.sun.managent.controller.sys.OperateController.save(com.guye.sun.managent.pojo.po.Operate)
[ INFO ] [2018-08-01 14:49:01] org.springframework.web.servlet.mvc.method.annotation.RequestMappingHandlerMapping [543] - Mapped "{[/sys/operate/query],methods=[GET]}" onto public com.github.pagehelper.PageInfo<com.guye.sun.managent.pojo.dto.OperateDto> com.guye.sun.managent.controller.sys.OperateController.query(com.guye.sun.mybatis.page.DataGrid)
[ INFO ] [2018-08-01 14:49:01] org.springframework.web.servlet.mvc.method.annotation.RequestMappingHandlerMapping [543] - Mapped "{[/sys/operate/remove],methods=[POST]}" onto public com.guye.sun.managent.pojo.message.ApiResult<java.lang.String> com.guye.sun.managent.controller.sys.OperateController.del(java.lang.Integer[])
[ INFO ] [2018-08-01 14:49:01] org.springframework.web.servlet.mvc.method.annotation.RequestMappingHandlerMapping [543] - Mapped "{[/sys/operate/edit],methods=[GET]}" onto public java.lang.String com.guye.sun.managent.controller.sys.OperateController.edit(java.lang.Integer)
[ INFO ] [2018-08-01 14:49:01] org.springframework.web.servlet.mvc.method.annotation.RequestMappingHandlerMapping [543] - Mapped "{[/sys/role/permissions],methods=[GET]}" onto public java.lang.String com.guye.sun.managent.controller.sys.RoleController.permissions(java.lang.Integer)
[ INFO ] [2018-08-01 14:49:01] org.springframework.web.servlet.mvc.method.annotation.RequestMappingHandlerMapping [543] - Mapped "{[/sys/role/list],methods=[GET]}" onto public java.lang.String com.guye.sun.managent.controller.sys.RoleController.list()
[ INFO ] [2018-08-01 14:49:01] org.springframework.web.servlet.mvc.method.annotation.RequestMappingHandlerMapping [543] - Mapped "{[/sys/role/save],methods=[POST]}" onto public com.guye.sun.managent.pojo.message.ApiResult<com.guye.sun.managent.pojo.po.Role> com.guye.sun.managent.controller.sys.RoleController.save(com.guye.sun.managent.pojo.po.Role)
[ INFO ] [2018-08-01 14:49:01] org.springframework.web.servlet.mvc.method.annotation.RequestMappingHandlerMapping [543] - Mapped "{[/sys/role/query],methods=[GET]}" onto public com.github.pagehelper.PageInfo<com.guye.sun.managent.pojo.po.Role> com.guye.sun.managent.controller.sys.RoleController.query(com.guye.sun.mybatis.page.DataGrid,java.lang.String,java.lang.String)
[ INFO ] [2018-08-01 14:49:01] org.springframework.web.servlet.mvc.method.annotation.RequestMappingHandlerMapping [543] - Mapped "{[/sys/role/remove],methods=[POST]}" onto public com.guye.sun.managent.pojo.message.ApiResult<java.lang.String> com.guye.sun.managent.controller.sys.RoleController.del(java.lang.Integer[])
[ INFO ] [2018-08-01 14:49:01] org.springframework.web.servlet.mvc.method.annotation.RequestMappingHandlerMapping [543] - Mapped "{[/sys/role/edit],methods=[GET]}" onto public java.lang.String com.guye.sun.managent.controller.sys.RoleController.edit(java.lang.Integer)
[ INFO ] [2018-08-01 14:49:01] org.springframework.web.servlet.mvc.method.annotation.RequestMappingHandlerMapping [543] - Mapped "{[/sys/role/operate/permissions],methods=[POST]}" onto public com.guye.sun.managent.pojo.message.ApiResult<java.lang.String> com.guye.sun.managent.controller.sys.RoleOperateController.savePermissions(java.lang.Integer[],java.lang.Integer)
[ INFO ] [2018-08-01 14:49:01] org.springframework.web.servlet.mvc.method.annotation.RequestMappingHandlerMapping [543] - Mapped "{[/sys/role/operate/{roleId}],methods=[GET]}" onto public com.guye.sun.managent.pojo.message.ApiResult<java.util.List<com.guye.sun.managent.pojo.po.RoleOperate>> com.guye.sun.managent.controller.sys.RoleOperateController.listOperate(java.lang.Integer)
[ INFO ] [2018-08-01 14:49:01] org.springframework.web.servlet.mvc.method.annotation.RequestMappingHandlerMapping [543] - Mapped "{[/swagger-resources]}" onto public org.springframework.http.ResponseEntity<java.util.List<springfox.documentation.swagger.web.SwaggerResource>> springfox.documentation.swagger.web.ApiResourceController.swaggerResources()
[ INFO ] [2018-08-01 14:49:01] org.springframework.web.servlet.mvc.method.annotation.RequestMappingHandlerMapping [543] - Mapped "{[/swagger-resources/configuration/ui]}" onto public org.springframework.http.ResponseEntity<springfox.documentation.swagger.web.UiConfiguration> springfox.documentation.swagger.web.ApiResourceController.uiConfiguration()
[ INFO ] [2018-08-01 14:49:01] org.springframework.web.servlet.mvc.method.annotation.RequestMappingHandlerMapping [543] - Mapped "{[/swagger-resources/configuration/security]}" onto public org.springframework.http.ResponseEntity<springfox.documentation.swagger.web.SecurityConfiguration> springfox.documentation.swagger.web.ApiResourceController.securityConfiguration()
[ INFO ] [2018-08-01 14:49:01] org.springframework.web.servlet.mvc.method.annotation.RequestMappingHandlerMapping [543] - Mapped "{[/error]}" onto public org.springframework.http.ResponseEntity<java.util.Map<java.lang.String, java.lang.Object>> org.springframework.boot.autoconfigure.web.BasicErrorController.error(javax.servlet.http.HttpServletRequest)
[ INFO ] [2018-08-01 14:49:01] org.springframework.web.servlet.mvc.method.annotation.RequestMappingHandlerMapping [543] - Mapped "{[/error],produces=[text/html]}" onto public org.springframework.web.servlet.ModelAndView org.springframework.boot.autoconfigure.web.BasicErrorController.errorHtml(javax.servlet.http.HttpServletRequest,javax.servlet.http.HttpServletResponse)
[ INFO ] [2018-08-01 14:49:02] org.springframework.scheduling.concurrent.ThreadPoolTaskScheduler [165] - Initializing ExecutorService  'defaultSockJsTaskScheduler'
[ INFO ] [2018-08-01 14:49:02] org.springframework.web.socket.server.support.WebSocketHandlerMapping [362] - Mapped URL path [/app] onto handler of type [class org.springframework.web.socket.server.support.WebSocketHttpRequestHandler]
[ INFO ] [2018-08-01 14:49:02] org.springframework.scheduling.concurrent.ThreadPoolTaskScheduler [165] - Initializing ExecutorService  'messageBrokerTaskScheduler'
[ INFO ] [2018-08-01 14:49:02] com.guye.sun.managent.config.webSocket.config.WebSocketStompConfig [25] - 注册广播式模式成功
[ INFO ] [2018-08-01 14:49:02] com.guye.sun.managent.config.webSocket.config.WebSocketStompConfig [28] - 注册点对点模式成功
[ INFO ] [2018-08-01 14:49:02] org.springframework.web.socket.server.support.WebSocketHandlerMapping [362] - Mapped URL path [/simple/**] onto handler of type [class org.springframework.web.socket.sockjs.support.SockJsHttpRequestHandler]
[ INFO ] [2018-08-01 14:49:02] org.springframework.web.socket.server.support.WebSocketHandlerMapping [362] - Mapped URL path [/chating/**] onto handler of type [class org.springframework.web.socket.sockjs.support.SockJsHttpRequestHandler]
[ INFO ] [2018-08-01 14:49:02] org.springframework.scheduling.concurrent.ThreadPoolTaskExecutor [165] - Initializing ExecutorService  'brokerChannelExecutor'
[ DEBUG] [2018-08-01 14:49:02] org.hibernate.validator.internal.engine.resolver.DefaultTraversableResolver [80] - Found javax.persistence.Persistence on classpath, but no method 'getPersistenceUtil'. Assuming JPA 1 environment. All properties will per default be traversable.
[ DEBUG] [2018-08-01 14:49:02] org.hibernate.validator.internal.engine.resolver.DefaultTraversableResolver [80] - Found javax.persistence.Persistence on classpath, but no method 'getPersistenceUtil'. Assuming JPA 1 environment. All properties will per default be traversable.
[ DEBUG] [2018-08-01 14:49:02] org.hibernate.validator.internal.engine.ConfigurationImpl [163] - Setting custom MessageInterpolator of type org.springframework.validation.beanvalidation.LocaleContextMessageInterpolator
[ DEBUG] [2018-08-01 14:49:02] org.hibernate.validator.internal.engine.ConfigurationImpl [185] - Setting custom ConstraintValidatorFactory of type org.springframework.validation.beanvalidation.SpringConstraintValidatorFactory
[ DEBUG] [2018-08-01 14:49:02] org.hibernate.validator.internal.engine.ConfigurationImpl [199] - Setting custom ParameterNameProvider of type com.sun.proxy.$Proxy66
[ DEBUG] [2018-08-01 14:49:02] org.hibernate.validator.internal.xml.ValidationXmlParser [99] - Trying to load META-INF/validation.xml for XML based Validator configuration.
[ DEBUG] [2018-08-01 14:49:02] org.hibernate.validator.internal.xml.ResourceLoaderHelper [47] - Trying to load META-INF/validation.xml via user class loader
[ DEBUG] [2018-08-01 14:49:02] org.hibernate.validator.internal.xml.ResourceLoaderHelper [54] - Trying to load META-INF/validation.xml via TCCL
[ DEBUG] [2018-08-01 14:49:02] org.hibernate.validator.internal.xml.ResourceLoaderHelper [60] - Trying to load META-INF/validation.xml via Hibernate Validator's class loader
[ DEBUG] [2018-08-01 14:49:02] org.hibernate.validator.internal.xml.ValidationXmlParser [106] - No META-INF/validation.xml found. Using annotation based configuration only.
[ INFO ] [2018-08-01 14:49:02] org.springframework.web.socket.messaging.WebSocketAnnotationMethodMessageHandler [330] - Mapped "{[/welcome],messageType=[MESSAGE]}" onto public com.guye.sun.managent.config.webSocket.model.ResponseMessage com.guye.sun.managent.config.webSocket.controller.WsController.say(com.guye.sun.managent.config.webSocket.model.RequestMessage)
[ INFO ] [2018-08-01 14:49:02] org.springframework.web.socket.messaging.WebSocketAnnotationMethodMessageHandler [330] - Mapped "{[/chat],messageType=[MESSAGE]}" onto public void com.guye.sun.managent.config.webSocket.controller.WsController.handleChat(java.security.Principal,java.lang.String)
[ INFO ] [2018-08-01 14:49:03] org.springframework.web.servlet.mvc.method.annotation.RequestMappingHandlerAdapter [534] - Looking for @ControllerAdvice: org.springframework.boot.context.embedded.AnnotationConfigEmbeddedWebApplicationContext@770d3326: startup date [Wed Aug 01 14:48:51 CST 2018]; root of context hierarchy
[ INFO ] [2018-08-01 14:49:03] org.springframework.web.servlet.handler.SimpleUrlHandlerMapping [362] - Mapped URL path [/webjars/**] onto handler of type [class org.springframework.web.servlet.resource.ResourceHttpRequestHandler]
[ INFO ] [2018-08-01 14:49:03] org.springframework.web.servlet.handler.SimpleUrlHandlerMapping [362] - Mapped URL path [/**] onto handler of type [class org.springframework.web.servlet.resource.ResourceHttpRequestHandler]
[ INFO ] [2018-08-01 14:49:03] org.springframework.web.servlet.mvc.method.annotation.ExceptionHandlerExceptionResolver [273] - Detected @ExceptionHandler methods in globalExceptionHandler
[ INFO ] [2018-08-01 14:49:03] org.springframework.web.servlet.handler.SimpleUrlHandlerMapping [362] - Mapped URL path [/**/favicon.ico] onto handler of type [class org.springframework.web.servlet.resource.ResourceHttpRequestHandler]
[ DEBUG] [2018-08-01 14:49:04] tk.mybatis.mapper.autoconfigure.MapperAutoConfiguration [243] - No org.mybatis.spring.mapper.MapperFactoryBean found.
[ INFO ] [2018-08-01 14:49:06] org.springframework.jmx.export.annotation.AnnotationMBeanExporter [431] - Registering beans for JMX exposure on startup
[ INFO ] [2018-08-01 14:49:06] org.springframework.jmx.export.annotation.AnnotationMBeanExporter [916] - Bean with name 'rabbitConnectionFactory' has been autodetected for JMX exposure
[ INFO ] [2018-08-01 14:49:06] org.springframework.jmx.export.annotation.AnnotationMBeanExporter [678] - Located managed bean 'rabbitConnectionFactory': registering with JMX server as MBean [org.springframework.amqp.rabbit.connection:name=rabbitConnectionFactory,type=CachingConnectionFactory]
[ INFO ] [2018-08-01 14:49:06] org.springframework.context.support.DefaultLifecycleProcessor [343] - Starting beans in phase 2147483647
[ WARN ] [2018-08-01 14:49:07] springfox.documentation.spring.web.readers.parameter.ParameterDataTypeReader [86] - Trying to infer dataType java.lang.Integer[]
[ WARN ] [2018-08-01 14:49:07] springfox.documentation.spring.web.readers.parameter.ParameterDataTypeReader [86] - Trying to infer dataType java.lang.Integer[]
[ WARN ] [2018-08-01 14:49:07] springfox.documentation.spring.web.readers.parameter.ParameterDataTypeReader [86] - Trying to infer dataType java.lang.Integer[]
[ WARN ] [2018-08-01 14:49:07] springfox.documentation.spring.web.readers.parameter.ParameterDataTypeReader [86] - Trying to infer dataType java.lang.Integer[]
[ INFO ] [2018-08-01 14:49:07] org.springframework.messaging.simp.broker.SimpleBrokerMessageHandler [157] - Starting...
[ INFO ] [2018-08-01 14:49:07] org.springframework.messaging.simp.broker.SimpleBrokerMessageHandler [260] - BrokerAvailabilityEvent[available=true, SimpleBrokerMessageHandler [DefaultSubscriptionRegistry[cache[0 destination(s)], registry[0 sessions]]]]
[ INFO ] [2018-08-01 14:49:07] org.springframework.messaging.simp.broker.SimpleBrokerMessageHandler [166] - Started.
[ INFO ] [2018-08-01 14:49:07] org.springframework.scheduling.annotation.ScheduledAnnotationBeanPostProcessor [230] - More than one TaskScheduler bean exists within the context, and none is named 'taskScheduler'. Mark one of them as primary or name it 'taskScheduler' (possibly as an alias); or implement the SchedulingConfigurer interface and call ScheduledTaskRegistrar#setScheduler explicitly within the configureTasks() callback: [defaultSockJsTaskScheduler, messageBrokerTaskScheduler]
[ INFO ] [2018-08-01 14:49:07] org.apache.coyote.http11.Http11NioProtocol [179] - Initializing ProtocolHandler ["http-nio-8080"]
[ INFO ] [2018-08-01 14:49:07] org.apache.coyote.http11.Http11NioProtocol [179] - Starting ProtocolHandler ["http-nio-8080"]
[ INFO ] [2018-08-01 14:49:07] org.apache.tomcat.util.net.NioSelectorPool [179] - Using a shared selector for servlet write/read
[ INFO ] [2018-08-01 14:49:07] org.springframework.boot.context.embedded.tomcat.TomcatEmbeddedServletContainer [201] - Tomcat started on port(s): 8080 (http)
[ INFO ] [2018-08-01 14:49:07] com.guye.sun.managent.App [57] - Started App in 17.475 seconds (JVM running for 18.677)
[ INFO ] [2018-08-01 14:50:02] org.springframework.web.socket.config.WebSocketMessageBrokerStats [113] - WebSocketSession[0 current WS(0)-HttpStream(0)-HttpPoll(0), 0 total, 0 closed abnormally (0 connect failure, 0 send limit, 0 transport error)], stompSubProtocol[processed CONNECT(0)-CONNECTED(0)-DISCONNECT(0)], stompBrokerRelay[null], inboundChannel[pool size = 0, active threads = 0, queued tasks = 0, completed tasks = 0], outboundChannelpool size = 0, active threads = 0, queued tasks = 0, completed tasks = 0], sockJsScheduler[pool size = 1, active threads = 1, queued tasks = 0, completed tasks = 0]
[ INFO ] [2018-08-01 15:20:02] org.springframework.web.socket.config.WebSocketMessageBrokerStats [113] - WebSocketSession[0 current WS(0)-HttpStream(0)-HttpPoll(0), 0 total, 0 closed abnormally (0 connect failure, 0 send limit, 0 transport error)], stompSubProtocol[processed CONNECT(0)-CONNECTED(0)-DISCONNECT(0)], stompBrokerRelay[null], inboundChannel[pool size = 0, active threads = 0, queued tasks = 0, completed tasks = 0], outboundChannelpool size = 0, active threads = 0, queued tasks = 0, completed tasks = 0], sockJsScheduler[pool size = 2, active threads = 1, queued tasks = 0, completed tasks = 1]
[ INFO ] [2018-08-01 15:50:02] org.springframework.web.socket.config.WebSocketMessageBrokerStats [113] - WebSocketSession[0 current WS(0)-HttpStream(0)-HttpPoll(0), 0 total, 0 closed abnormally (0 connect failure, 0 send limit, 0 transport error)], stompSubProtocol[processed CONNECT(0)-CONNECTED(0)-DISCONNECT(0)], stompBrokerRelay[null], inboundChannel[pool size = 0, active threads = 0, queued tasks = 0, completed tasks = 0], outboundChannelpool size = 0, active threads = 0, queued tasks = 0, completed tasks = 0], sockJsScheduler[pool size = 3, active threads = 1, queued tasks = 0, completed tasks = 2]
[ INFO ] [2018-08-01 16:20:02] org.springframework.web.socket.config.WebSocketMessageBrokerStats [113] - WebSocketSession[0 current WS(0)-HttpStream(0)-HttpPoll(0), 0 total, 0 closed abnormally (0 connect failure, 0 send limit, 0 transport error)], stompSubProtocol[processed CONNECT(0)-CONNECTED(0)-DISCONNECT(0)], stompBrokerRelay[null], inboundChannel[pool size = 0, active threads = 0, queued tasks = 0, completed tasks = 0], outboundChannelpool size = 0, active threads = 0, queued tasks = 0, completed tasks = 0], sockJsScheduler[pool size = 4, active threads = 1, queued tasks = 0, completed tasks = 3]
[ INFO ] [2018-08-01 16:50:02] org.springframework.web.socket.config.WebSocketMessageBrokerStats [113] - WebSocketSession[0 current WS(0)-HttpStream(0)-HttpPoll(0), 0 total, 0 closed abnormally (0 connect failure, 0 send limit, 0 transport error)], stompSubProtocol[processed CONNECT(0)-CONNECTED(0)-DISCONNECT(0)], stompBrokerRelay[null], inboundChannel[pool size = 0, active threads = 0, queued tasks = 0, completed tasks = 0], outboundChannelpool size = 0, active threads = 0, queued tasks = 0, completed tasks = 0], sockJsScheduler[pool size = 5, active threads = 1, queued tasks = 0, completed tasks = 4]
